Determining if the pthread_create exist failed with the following output:
Change Dir: /home/jinjing/slam_14/jinjing_slambook2/ch5/joinmap/build/CMakeFiles/CMakeTmp

Run Build Command:"/usr/bin/make" "cmTC_83c57/fast"
/usr/bin/make -f CMakeFiles/cmTC_83c57.dir/build.make CMakeFiles/cmTC_83c57.dir/build
make[1]: Entering directory '/home/jinjing/slam_14/jinjing_slambook2/ch5/joinmap/build/CMakeFiles/CMakeTmp'
Building C object CMakeFiles/cmTC_83c57.dir/CheckSymbolExists.c.o
/usr/bin/cc    -o CMakeFiles/cmTC_83c57.dir/CheckSymbolExists.c.o   -c /home/jinjing/slam_14/jinjing_slambook2/ch5/joinmap/build/CMakeFiles/CMakeTmp/CheckSymbolExists.c
Linking C executable cmTC_83c57
/usr/bin/cmake -E cmake_link_script CMakeFiles/cmTC_83c57.dir/link.txt --verbose=1
/usr/bin/cc      -rdynamic CMakeFiles/cmTC_83c57.dir/CheckSymbolExists.c.o  -o cmTC_83c57 
CMakeFiles/cmTC_83c57.dir/CheckSymbolExists.c.o: In function `main':
CheckSymbolExists.c:(.text+0x1b): undefined reference to `pthread_create'
collect2: error: ld returned 1 exit status
CMakeFiles/cmTC_83c57.dir/build.make:97: recipe for target 'cmTC_83c57' failed
make[1]: *** [cmTC_83c57] Error 1
make[1]: Leaving directory '/home/jinjing/slam_14/jinjing_slambook2/ch5/joinmap/build/CMakeFiles/CMakeTmp'
Makefile:126: recipe for target 'cmTC_83c57/fast' failed
make: *** [cmTC_83c57/fast] Error 2

File /home/jinjing/slam_14/jinjing_slambook2/ch5/joinmap/build/CMakeFiles/CMakeTmp/CheckSymbolExists.c:
/* */
#include <pthread.h>

int main(int argc, char** argv)
{
  (void)argv;
#ifndef pthread_create
  return ((int*)(&pthread_create))[argc];
#else
  (void)argc;
  return 0;
#endif
}

Determining if the function pthread_create exists in the pthreads failed with the following output:
Change Dir: /home/jinjing/slam_14/jinjing_slambook2/ch5/joinmap/build/CMakeFiles/CMakeTmp

Run Build Command:"/usr/bin/make" "cmTC_c3f2d/fast"
/usr/bin/make -f CMakeFiles/cmTC_c3f2d.dir/build.make CMakeFiles/cmTC_c3f2d.dir/build
make[1]: Entering directory '/home/jinjing/slam_14/jinjing_slambook2/ch5/joinmap/build/CMakeFiles/CMakeTmp'
Building C object CMakeFiles/cmTC_c3f2d.dir/CheckFunctionExists.c.o
/usr/bin/cc   -DCHECK_FUNCTION_EXISTS=pthread_create   -o CMakeFiles/cmTC_c3f2d.dir/CheckFunctionExists.c.o   -c /usr/share/cmake-3.10/Modules/CheckFunctionExists.c
Linking C executable cmTC_c3f2d
/usr/bin/cmake -E cmake_link_script CMakeFiles/cmTC_c3f2d.dir/link.txt --verbose=1
/usr/bin/cc  -DCHECK_FUNCTION_EXISTS=pthread_create    -rdynamic CMakeFiles/cmTC_c3f2d.dir/CheckFunctionExists.c.o  -o cmTC_c3f2d -lpthreads 
/usr/bin/ld: cannot find -lpthreads
collect2: error: ld returned 1 exit status
CMakeFiles/cmTC_c3f2d.dir/build.make:97: recipe for target 'cmTC_c3f2d' failed
make[1]: *** [cmTC_c3f2d] Error 1
make[1]: Leaving directory '/home/jinjing/slam_14/jinjing_slambook2/ch5/joinmap/build/CMakeFiles/CMakeTmp'
Makefile:126: recipe for target 'cmTC_c3f2d/fast' failed
make: *** [cmTC_c3f2d/fast] Error 2


